mktextfm cmtt
mktextfm cmtt
mktextfm cmtt8t
mktextfm cmtt8t
mktextfm ptm8t
mktextfm ptmbt
mktextfm ptm8t
mktextfm ptm8t
mktextfm cmssb8t
mktextfm cmssb8t
mktextfm cmss
mktextfm cmss
mktextfm cmss8t
mktextfm cmss8t
mktextfm lmss8t
mktextfm lmss8t
mktextfm cmsb8
mktextfm cmsb8
mktextfm cmsbm8
mktextfm cmsmb8
mktextfm cmsmfb8
mktextfm cmsfmb8
mktextfm cmsmfb8
mktextfm cmsmfb8
mktextfm cmssb8
mktextfm cmssb8
mktextfm cmssmf8
mktextfm cmssmf8
mktextfm cmsmfb8
mktextfm cmsmfb8
mktextfm cmsmf8b
mktextfm cmsmf8b
mktextfm cmsbf8
mktextfm cmsbf8
mktextfm cmsbf8
mktextfm cmsbf8
mktextfm ptm8t
mktextfm ptm8t
mktextfm ptm8t
mktextfm ptm8t
mktextfm ptm8t
mktextfm ptm8rt
mktextfm lmsmfbx8
mktextfm lmsmfbx8
